<?xml version="1.0" encoding="UTF-8"?>
<testng-results ignored="0" total="1" passed="1" failed="0" skipped="0">
  <reporter-output>
  </reporter-output>
  <suite started-at="2025-03-24T06:24:34 IST" name="Suite" finished-at="2025-03-24T06:24:34 IST" duration-ms="122">
    <groups>
    </groups>
    <test started-at="2025-03-24T06:24:34 IST" name="Test" finished-at="2025-03-24T06:24:34 IST" duration-ms="122">
      <class name="com.expleo.Air_irctc.NewTest">
        <test-method is-config="true" signature="beforeTest()[pri:0, instance:com.expleo.Air_irctc.NewTest@72035809]" started-at="2025-03-24T06:24:34 IST" name="beforeTest" finished-at="2025-03-24T06:24:34 IST" duration-ms="21" status="PASS">
          <reporter-output>
          </reporter-output>
        </test-method> <!-- beforeTest -->
        <test-method signature="AssertionExample()[pri:0, instance:com.expleo.Air_irctc.NewTest@72035809]" started-at="2025-03-24T06:24:34 IST" name="AssertionExample" finished-at="2025-03-24T06:24:34 IST" duration-ms="10" status="PASS">
          <reporter-output>
          </reporter-output>
        </test-method> <!-- AssertionExample -->
        <test-method is-config="true" signature="afterTest()[pri:0, instance:com.expleo.Air_irctc.NewTest@72035809]" started-at="2025-03-24T06:24:34 IST" name="afterTest" finished-at="2025-03-24T06:24:34 IST" duration-ms="1" status="PASS">
          <reporter-output>
          </reporter-output>
        </test-method> <!-- afterTest -->
      </class> <!-- com.expleo.Air_irctc.NewTest -->
    </test> <!-- Test -->
  </suite> <!-- Suite -->
</testng-results>
