<?xml version="1.0" encoding="UTF-8"?>
<!-- Generated by org.testng.reporters.JUnitXMLReporter -->
<testsuite ignored="0" hostname="Saranya" failures="0" tests="4" name="Default test" time="140.659" errors="0" timestamp="2025-03-25T21:12:26 IST">
  <testcase classname="com.expleo.Air_irctc.DataProviderDemo3" name="search" time="25.177"/>
  <testcase classname="com.expleo.Air_irctc.DataProviderDemo3" name="search" time="46.784"/>
  <testcase classname="com.expleo.Air_irctc.DataProviderDemo3" name="search" time="9.779"/>
  <testcase classname="com.expleo.Air_irctc.DataProviderDemo3" name="search" time="3.262"/>
</testsuite> <!-- Default test -->
