<?xml version="1.0" encoding="UTF-8"?>
<!-- Generated by org.testng.reporters.JUnitXMLReporter -->
<testsuite ignored="0" hostname="Saranya" failures="0" tests="4" name="EdgeTest" time="11.817" errors="0" timestamp="2025-03-25T13:31:33 IST">
  <testcase classname="com.expleo.Air_irctc.DataProviderDemo1" name="search" time="7.079"/>
  <testcase classname="com.expleo.Air_irctc.DataProviderDemo1" name="search" time="8.214"/>
  <testcase classname="com.expleo.Air_irctc.DataProviderDemo1" name="search" time="8.6"/>
  <testcase classname="com.expleo.Air_irctc.DataProviderDemo1" name="search" time="8.689"/>
</testsuite> <!-- EdgeTest -->
